<?xml version="1.0" encoding="UTF-8"?>
<testng-results ignored="0" total="1" passed="0" failed="1" skipped="0">
  <reporter-output>
  </reporter-output>
  <suite started-at="2025-08-22T11:04:13 IST" name="Default suite" finished-at="2025-08-22T11:05:15 IST" duration-ms="62001">
    <groups>
      <group name="RegressionTest">
        <method signature="Calculation.calculation()[pri:0, instance:AutoVehicleTest.Calculation@37ceb1df]" name="calculation" class="AutoVehicleTest.Calculation"/>
      </group> <!-- RegressionTest -->
    </groups>
    <test started-at="2025-08-22T11:04:13 IST" name="Default test" finished-at="2025-08-22T11:05:15 IST" duration-ms="62001">
      <class name="AutoVehicleTest.Calculation">
        <test-method is-config="true" signature="configBC()[pri:0, instance:AutoVehicleTest.Calculation@37ceb1df]" started-at="2025-08-22T11:04:13 IST" name="configBC" finished-at="2025-08-22T11:04:15 IST" duration-ms="1357" status="PASS">
          <reporter-output>
          </reporter-output>
        </test-method> <!-- configBC -->
        <test-method is-config="true" signature="configBm()[pri:0, instance:AutoVehicleTest.Calculation@37ceb1df]" started-at="2025-08-22T11:04:15 IST" name="configBm" finished-at="2025-08-22T11:04:33 IST" duration-ms="17821" status="PASS">
          <reporter-output>
          </reporter-output>
        </test-method> <!-- configBm -->
        <test-method signature="calculation()[pri:0, instance:AutoVehicleTest.Calculation@37ceb1df]" started-at="2025-08-22T11:04:33 IST" name="calculation" finished-at="2025-08-22T11:05:15 IST" duration-ms="42753" status="FAIL">
          <exception class="java.lang.AssertionError">
            <message>
              <![CDATA[expected [$ 1,282.39] but found []]]>
            </message>
            <full-stacktrace>
              <![CDATA[java.lang.AssertionError: expected [$ 1,282.39] but found []
at org.testng.Assert.fail(Assert.java:111)
at org.testng.Assert.failNotEquals(Assert.java:1578)
at org.testng.Assert.assertEqualsImpl(Assert.java:150)
at org.testng.Assert.assertEquals(Assert.java:132)
at org.testng.Assert.assertEquals(Assert.java:656)
at org.testng.Assert.assertEquals(Assert.java:666)
at AutoVehicleTest.Calculation.calculation(Calculation.java:49)
at java.base/jdk.internal.reflect.NativeMethodAccessorImpl.invoke0(Native Method)
at java.base/jdk.internal.reflect.NativeMethodAccessorImpl.invoke(NativeMethodAccessorImpl.java:77)
at java.base/jdk.internal.reflect.DelegatingMethodAccessorImpl.invoke(DelegatingMethodAccessorImpl.java:43)
at java.base/java.lang.reflect.Method.invoke(Method.java:568)
at org.testng.internal.invokers.MethodInvocationHelper.invokeMethod(MethodInvocationHelper.java:141)
at org.testng.internal.invokers.TestInvoker.invokeMethod(TestInvoker.java:686)
at org.testng.internal.invokers.TestInvoker.invokeTestMethod(TestInvoker.java:230)
at org.testng.internal.invokers.MethodRunner.runInSequence(MethodRunner.java:63)
at org.testng.internal.invokers.TestInvoker$MethodInvocationAgent.invoke(TestInvoker.java:992)
at org.testng.internal.invokers.TestInvoker.invokeTestMethods(TestInvoker.java:203)
at org.testng.internal.invokers.TestMethodWorker.invokeTestMethods(TestMethodWorker.java:154)
at org.testng.internal.invokers.TestMethodWorker.run(TestMethodWorker.java:134)
at java.base/java.util.ArrayList.forEach(ArrayList.java:1511)
at org.testng.TestRunner.privateRun(TestRunner.java:739)
at org.testng.TestRunner.run(TestRunner.java:614)
at org.testng.SuiteRunner.runTest(SuiteRunner.java:421)
at org.testng.SuiteRunner.runSequentially(SuiteRunner.java:413)
at org.testng.SuiteRunner.privateRun(SuiteRunner.java:373)
at org.testng.SuiteRunner.run(SuiteRunner.java:312)
at org.testng.SuiteRunnerWorker.runSuite(SuiteRunnerWorker.java:52)
at org.testng.SuiteRunnerWorker.run(SuiteRunnerWorker.java:95)
at org.testng.TestNG.runSuitesSequentially(TestNG.java:1274)
at org.testng.TestNG.runSuitesLocally(TestNG.java:1208)
at org.testng.TestNG.runSuites(TestNG.java:1112)
at org.testng.TestNG.run(TestNG.java:1079)
at org.testng.remote.AbstractRemoteTestNG.run(AbstractRemoteTestNG.java:115)
at org.testng.remote.RemoteTestNG.initAndRun(RemoteTestNG.java:293)
at org.testng.remote.RemoteTestNG.main(RemoteTestNG.java:91)
]]>
            </full-stacktrace>
          </exception> <!-- java.lang.AssertionError -->
          <reporter-output>
          </reporter-output>
        </test-method> <!-- calculation -->
        <test-method is-config="true" signature="configAC()[pri:0, instance:AutoVehicleTest.Calculation@37ceb1df]" started-at="2025-08-22T11:05:15 IST" name="configAC" finished-at="2025-08-22T11:05:15 IST" duration-ms="0" status="PASS">
          <reporter-output>
          </reporter-output>
        </test-method> <!-- configAC -->
      </class> <!-- AutoVehicleTest.Calculation -->
    </test> <!-- Default test -->
  </suite> <!-- Default suite -->
</testng-results>
